-------------
Duky
Amity
Elena
Lynn
Valentijn
changes: 0   total_changes: 0
-------------
Abrehart,Paddy
Adanez,Alina
Alberts,Tawsha
Aldrin,Bax
Allmann,Karoline
Apted,Garold
Aristide,Ivett
Assel,Waylin
Autrie,Hayward
Bantock,Howey
Beadon,Shandra
Beesey,Linea
Birds,Konstantin
Birt,Ariella
Booth,Husain
Brake,Meir
Bretherick,Ian
Brobyn,Renee
Brodley,Linn
Brydie,Piotr
Canfield,Philippa
Caplen,Denis
Casewell,Sorcha
Cass,Royal
Chattock,Deny
Christopherson,Jeffry
Coate,Larina
Cobbald,Tally
Cosgrive,Aretha
Courson,Wolfy
Crick,Maurise
Cringle,Zulema
Crucetti,Judith
Culross,Robinet
Cumbes,Woodman
Darmody,Byrann
Davioud,Mateo
Demetr,Tymothy
Dible,Livvie
Dod,Woodrow
Domenico,Jill
Dougal,Berne
Ducker,Olvan
Eason,Eward
Easson,Osborne
Edgeley,Emmery
Epperson,Audrye
Everex,Chelsy
Faichnie,Octavia
Feveryear,Irving
Ghion,Sarine
Girdlestone,Marylinda
Goodbairn,Lilyan
Goucher,Paddie
Gowrich,Raf
Greally,Joshua
Grieve,Jo-ann
Griffey,Katlin
Guilder,Cinderella
Guitton,Isador
Guly,Virgilio
Guo,Katherine
Guo,Katherine
Gwyllt,Mariquilla
Habert,Karina
Hammerstone,Margareta
Haston,Barbi
Hawkin,Kizzie
Hurt,Law
Iacovielli,Elga
Illesley,Tabor
Ilyenko,Irvin
Instone,Grenville
Jakeman,Freddy
Jinkin,Silvain
Jirasek,Flori
Joscelyne,Aaren
Josovitz,Filbert
Keenan,Hank
Kelleher,Tyrone
King,Cristina
Klesel,Markus
Knight,Denis
Knottley,Ania
Knowlton,Cornie
Lage,Mohandas
Laste,Richmond
Leaf,Tatiana
Lemon,Wittie
Leven,Emmalynn
Lidbetter,Becky
Loveland,Moses
Lupton,Carlos
Lyston,Pierette
Lytlle,Basia
M'cowis,Eric
Manklow,Gradey
Mathys,Nikolaos
Matitiaho,Vicky
Mayte,Fayre
McCraine,Felipa
McLaggan,Rad
McPhelimey,Luci
Micallef,Robena
Naerup,Calv
Nibley,Carena
Niess,Corbet
O'Currigan,Elli
O'Hickee,Noella
Pedron,Inglis
Pencott,Zorina
Pershouse,Kahaleel
Phare,Beverlee
Podd,Mildrid
Pugsley,Reuben
Raden,Graig
Rany,Clementina
Rathbourne,Oswald
Ratledge,Alvis
Reding,Goober
Renner,Zach
Ricarde,Walsh
Ritter,Anthe
Robion,Heindrick
Rockhill,Tamarah
Rolfs,Stanwood
Ruckert,Oswell
Servante,Jabez
Shearmur,Justino
Simonini,Saxon
Skeermor,Eveline
Skoyles,Pattie
Slocket,Duky
Snelle,Lambert
Spickett,Cristi
Spires,Magdalena
Stagge,Thedric
Stains,Alameda
Steely,Desirae
Stickley,Sasha
Swoffer,Eal
Symper,Ilyse
Taft,Juliann
Teanby,Jason
Timberlake,Babbette
Tolefree,Kerstin
Totman,Jennica
Towers,Zared
Treppas,Rubin
Tullis,Sheffield
Urrey,Krissy
Varah,Krystle
Veeler,Avrom
Venner,Demetria
Waith,Hans
Wearne,Julienne
Wewell,Frankie
Wiffen,Gustavo
Wilber,Gabi
Worner,Huey
Zuanazzi,Vin
changes: 0   total_changes: 0
-------------
-------------
McPhelimey,Luci
Pershouse,Kahaleel
Slocket,Duky
Loveland,Moses
Stagge,Thedric
Mathys,Nikolaos
Greally,Joshua
Pugsley,Reuben
Steely,Desirae
Niess,Corbet
Spickett,Cristi
Pencott,Zorina
Alberts,Tawsha
Stains,Alameda
Rolfs,Stanwood
O'Hickee,Noella
Raden,Graig
Goodbairn,Lilyan
Matitiaho,Vicky
Waith,Hans
McLaggan,Rad
Brydie,Piotr
Domenico,Jill
Simonini,Saxon
McCraine,Felipa
Dod,Woodrow
Feveryear,Irving
Guilder,Cinderella
Rany,Clementina
Brake,Meir
Gwyllt,Mariquilla
Varah,Krystle
Epperson,Audrye
Kelleher,Tyrone
Wiffen,Gustavo
Canfield,Philippa
Ilyenko,Irvin
Haston,Barbi
Cumbes,Woodman
Hawkin,Kizzie
Robion,Heindrick
Apted,Garold
Skeermor,Eveline
Hammerstone,Margareta
Jakeman,Freddy
Micallef,Robena
Zuanazzi,Vin
Knottley,Ania
Totman,Jennica
Manklow,Gradey
Lidbetter,Becky
Faichnie,Octavia
Grieve,Jo-ann
Spires,Magdalena
Leaf,Tatiana
O'Currigan,Elli
Joscelyne,Aaren
Allmann,Karoline
changes: 0   total_changes: 0
-------------
Josephine
changes: 0   total_changes: 0
-------------
is.gd
msn.com
amazon.com
dyndns.org
uw.edu
changes: 0   total_changes: 0
-------------
changes: 0   total_changes: 0
-------------
-------------
changes: 0   total_changes: 0
-------------
changes: 1   total_changes: 1
-------------
